<?xml version="1.0" encoding="UTF-8"?>
<testsuite name="com.sales.app.server.service.salesboundedcontext.sales.ChannelTestCase" tests="5" skipped="0" failures="0" errors="0" timestamp="2016-06-01T14:01:57" hostname="c96680859b64" time="0.978">
  <properties/>
  <testcase name="test1Save" classname="com.sales.app.server.service.salesboundedcontext.sales.ChannelTestCase" time="0.328"/>
  <testcase name="test2Update" classname="com.sales.app.server.service.salesboundedcontext.sales.ChannelTestCase" time="0.266"/>
  <testcase name="test3FindById" classname="com.sales.app.server.service.salesboundedcontext.sales.ChannelTestCase" time="0.008"/>
  <testcase name="test5NegativeTesting" classname="com.sales.app.server.service.salesboundedcontext.sales.ChannelTestCase" time="0.01"/>
  <testcase name="test6Delete" classname="com.sales.app.server.service.salesboundedcontext.sales.ChannelTestCase" time="0.365"/>
  <system-out><![CDATA[Wed Jun 01 14:01:57 UTC 2016|Log Manager Factory|Initialization Process started.....
Wed Jun 01 14:01:57 UTC 2016|Log Manager|Initialized with Path = [/home/applifire/workspace/salesdemo/src/main/webapp/WEB-INF/conf]
Wed Jun 01 14:01:57 UTC 2016|Alarm Manager|Initialized with Path = [/home/applifire/workspace/salesdemo/src/main/webapp/WEB-INF/conf]
Wed Jun 01 14:01:57 UTC 2016|Alarm Manager|Loading Alarms ......
Wed Jun 01 14:01:57 UTC 2016|Alarm XML Parser|FWA|XML Parsing Complete........ 
Wed Jun 01 14:01:57 UTC 2016|Alarm File Manager|FWA|Alarm File Status.. [ApplicationFrameworkAlarms.xml]|Version=15|Status=Done 
Wed Jun 01 14:01:57 UTC 2016|Alarm File Manager|FWA|Alarm Stats = ( BC/AL=4/564 SYS=4/10 [564/0]  TPL=0/0 [0/0]  APP= A.Map=[645]  E.Map EC/RC=[237/66] )
Wed Jun 01 14:01:57 UTC 2016|Alarm XML Parser|APP|XML Parsing Complete........ 
Wed Jun 01 14:01:57 UTC 2016|Alarm File Manager|APP|Alarm File Status.. [ApplicationAlarms.xml]|Version=1|Status=Done 
Wed Jun 01 14:01:57 UTC 2016|Alarm File Manager|APP|Alarm Stats = ( BC/AL=7/1050 SYS=4/10 [564/0]  TPL=0/0 [0/0]  APP=3/6 [486/0]  A.Map=[975]  E.Map EC/RC=[375/88] )
Wed Jun 01 14:01:57 UTC 2016|ApplicationAlarmContext| <><><><><> Create App Alarms ....  <><><><><> 
Wed Jun 01 14:01:57 UTC 2016|ApplicationAlarmContext|Alarms are generated ONLY in Development Mode.. 
Wed Jun 01 14:01:57 UTC 2016|Alarm Manager|APP|Alarm Stats = ( BC/AL=7/1050 SYS=4/10 [564/0]  TPL=0/0 [0/0]  APP=3/6 [486/0]  A.Map=[975]  E.Map EC/RC=[375/88] )
Wed Jun 01 14:01:57 UTC 2016|Alarm Manager|Initialized Exception Lookup...
Wed Jun 01 14:01:57 UTC 2016|Log Manager|Initialize Log Config File ......
Wed Jun 01 14:01:57 UTC 2016|Pluggable Connectors|Adding Connectors : StandardOutputConnector isEnabled=true isDefault=false isFallBack=true
Wed Jun 01 14:01:57 UTC 2016|Pluggable Connectors|Adding Connectors : StandardFileConnector isEnabled=true isDefault=false isFallBack=false
Wed Jun 01 14:01:57 UTC 2016|Pluggable Connectors|Adding Connectors : Sprinkler isEnabled=true isDefault=true isFallBack=false
Wed Jun 01 14:01:57 UTC 2016|Pluggable Connectors|Default Connector Name : com.spartan.logger.core.LogMessenger
Wed Jun 01 14:01:57 UTC 2016|Log Config Parser|Connector Least Log Level =[4]  FallBack Log Level =[3]
Wed Jun 01 14:01:57 UTC 2016|Log Manager|Loading Default Connector for Logging ......
Wed Jun 01 14:01:57 UTC 2016|Log Manager|Loading class .. com.spartan.logger.core.LogMessenger
Wed Jun 01 14:01:57 UTC 2016|Plugggable Connector|Connector class com.spartan.logger.core.LogMessenger Initialized... @ Log Level = 3
Wed Jun 01 14:01:57 UTC 2016|Log Manager|Starting the Default Connector [com.spartan.logger.core.LogMessenger@c51ad4a] ....
Wed Jun 01 14:01:57 UTC 2016|Scheduler|Starting the Scheduler ......
Wed Jun 01 14:01:57 UTC 2016|Scheduler|Adding [LMID=[f157ff5d-084f-4341-858b-080187cf4d8f]] Delay=5 Time Unit=MINUTES
Wed Jun 01 14:01:57 UTC 2016|Scheduler|Adding [App Alarm Manager File=[ApplicationAlarms.xml]] Delay=30 Time Unit=MINUTES
Wed Jun 01 14:01:57 UTC 2016|Scheduler|Adding [FW Alarm Manager File=[ApplicationFrameworkAlarms.xml]] Delay=3 Time Unit=MINUTES
Wed Jun 01 14:01:57 UTC 2016|Scheduler|Startup Completed..
Wed Jun 01 14:01:57 UTC 2016|Log Manager|Initialization Process Complete ......
Wed Jun 01 14:01:57 UTC 2016|Log Manager Factory|Log Manager READY! ID = f157ff5d-084f-4341-858b-080187cf4d8f
Setting logged in user info for ADD
[EL Fine]: sql: 2016-06-01 14:01:57.543--ClientSession(1468645115)--Connection(1967072805)--Thread(Thread[Test worker,5,main])--INSERT INTO ast_Channel_M (channelId, channelInformation, versionId, createdBy, createdDate, updatedBy, updatedDate, activeStatus, txnAccessCode) VALUES (?, ?, ?, ?, ?, ?, ?, ?, ?)
	bind => [00FD9F8E-B866-4910-AB5D-96164500C73D, v8Npf7eGwx60eV8SsyMaqobdLtTcipgL5ueiBpgZu98bWKng4d, 1, AAAAA, 2016-06-01 14:01:57.539, AAAAA, 2016-06-01 14:01:57.539, 1, 51000]
[EL Fine]: sql: 2016-06-01 14:01:57.844--ClientSession(100823480)--Connection(1967072805)--Thread(Thread[Test worker,5,main])--SELECT channelId, channelInformation, versionId, createdBy, createdDate, updatedBy, updatedDate, activeStatus, txnAccessCode FROM ast_Channel_M WHERE ((activeStatus = ?) AND (channelId = ?))
	bind => [1, 00FD9F8E-B866-4910-AB5D-96164500C73D]
Setting logged in user info for UPDATE
[EL Fine]: sql: 2016-06-01 14:01:57.848--ClientSession(1780745462)--Connection(1967072805)--Thread(Thread[Test worker,5,main])--SELECT channelId, channelInformation, versionId, createdBy, createdDate, updatedBy, updatedDate, activeStatus, txnAccessCode FROM ast_Channel_M WHERE (channelId = ?)
	bind => [00FD9F8E-B866-4910-AB5D-96164500C73D]
[EL Fine]: sql: 2016-06-01 14:01:57.853--ClientSession(1780745462)--Connection(1967072805)--Thread(Thread[Test worker,5,main])--UPDATE ast_Channel_M SET channelInformation = ?, versionId = ? WHERE ((channelId = ?) AND (versionId = ?))
	bind => [IZJ3jCaA2f4XcfZOoj3ZckXRFXodVU0imTKv8k8aLfzsPBRayZ, 2, 00FD9F8E-B866-4910-AB5D-96164500C73D, 1]
[EL Fine]: sql: 2016-06-01 14:01:58.11--ClientSession(455881958)--Connection(1967072805)--Thread(Thread[Test worker,5,main])--SELECT channelId, channelInformation, versionId, createdBy, createdDate, updatedBy, updatedDate, activeStatus, txnAccessCode FROM ast_Channel_M WHERE ((activeStatus = ?) AND (channelId = ?))
	bind => [1, 00FD9F8E-B866-4910-AB5D-96164500C73D]
[EL Fine]: sql: 2016-06-01 14:01:58.131--ClientSession(1803499434)--Connection(1967072805)--Thread(Thread[Test worker,5,main])--SELECT channelId, channelInformation, versionId, createdBy, createdDate, updatedBy, updatedDate, activeStatus, txnAccessCode FROM ast_Channel_M WHERE (channelId = ?)
	bind => [00FD9F8E-B866-4910-AB5D-96164500C73D]
[EL Fine]: sql: 2016-06-01 14:01:58.134--ClientSession(1803499434)--Connection(1967072805)--Thread(Thread[Test worker,5,main])--DELETE FROM ast_Channel_M WHERE ((channelId = ?) AND (versionId = ?))
	bind => [00FD9F8E-B866-4910-AB5D-96164500C73D, 2]
]]></system-out>
  <system-err><![CDATA[Channel.channelInformation may not be null
java.lang.SecurityException: Channel.channelInformation may not be null
	at com.athena.server.pluggable.utils.helper.EntityValidatorHelper.validateEntity(EntityValidatorHelper.java:37)
	at com.sales.app.shared.salesboundedcontext.sales.Channel.isValid(Channel.java:136)
	at com.sales.app.server.service.salesboundedcontext.sales.ChannelTestCase.validateChannel(ChannelTestCase.java:178)
	at com.sales.app.server.service.salesboundedcontext.sales.ChannelTestCase.test5NegativeTesting(ChannelTestCase.java:209)
	at sun.reflect.NativeMethodAccessorImpl.invoke0(Native Method)
	at sun.reflect.NativeMethodAccessorImpl.invoke(NativeMethodAccessorImpl.java:57)
	at sun.reflect.DelegatingMethodAccessorImpl.invoke(DelegatingMethodAccessorImpl.java:43)
	at java.lang.reflect.Method.invoke(Method.java:606)
	at org.junit.runners.model.FrameworkMethod$1.runReflectiveCall(FrameworkMethod.java:47)
	at org.junit.internal.runners.model.ReflectiveCallable.run(ReflectiveCallable.java:12)
	at org.junit.runners.model.FrameworkMethod.invokeExplosively(FrameworkMethod.java:44)
	at org.junit.internal.runners.statements.InvokeMethod.evaluate(InvokeMethod.java:17)
	at org.junit.internal.runners.statements.RunBefores.evaluate(RunBefores.java:26)
	at org.springframework.test.context.junit4.statements.RunBeforeTestMethodCallbacks.evaluate(RunBeforeTestMethodCallbacks.java:74)
	at org.junit.internal.runners.statements.RunAfters.evaluate(RunAfters.java:27)
	at org.springframework.test.context.junit4.statements.RunAfterTestMethodCallbacks.evaluate(RunAfterTestMethodCallbacks.java:83)
	at org.springframework.test.context.junit4.statements.SpringRepeat.evaluate(SpringRepeat.java:72)
	at org.springframework.test.context.junit4.SpringJUnit4ClassRunner.runChild(SpringJUnit4ClassRunner.java:233)
	at org.springframework.test.context.junit4.SpringJUnit4ClassRunner.runChild(SpringJUnit4ClassRunner.java:87)
	at org.junit.runners.ParentRunner$3.run(ParentRunner.java:238)
	at org.junit.runners.ParentRunner$1.schedule(ParentRunner.java:63)
	at org.junit.runners.ParentRunner.runChildren(ParentRunner.java:236)
	at org.junit.runners.ParentRunner.access$000(ParentRunner.java:53)
	at org.junit.runners.ParentRunner$2.evaluate(ParentRunner.java:229)
	at org.junit.internal.runners.statements.RunBefores.evaluate(RunBefores.java:26)
	at org.springframework.test.context.junit4.statements.RunBeforeTestClassCallbacks.evaluate(RunBeforeTestClassCallbacks.java:61)
	at org.springframework.test.context.junit4.statements.RunAfterTestClassCallbacks.evaluate(RunAfterTestClassCallbacks.java:71)
	at org.junit.runners.ParentRunner.run(ParentRunner.java:309)
	at org.springframework.test.context.junit4.SpringJUnit4ClassRunner.run(SpringJUnit4ClassRunner.java:176)
	at org.gradle.api.internal.tasks.testing.junit.JUnitTestClassExecuter.runTestClass(JUnitTestClassExecuter.java:86)
	at org.gradle.api.internal.tasks.testing.junit.JUnitTestClassExecuter.execute(JUnitTestClassExecuter.java:49)
	at org.gradle.api.internal.tasks.testing.junit.JUnitTestClassProcessor.processTestClass(JUnitTestClassProcessor.java:64)
	at org.gradle.api.internal.tasks.testing.SuiteTestClassProcessor.processTestClass(SuiteTestClassProcessor.java:50)
	at sun.reflect.NativeMethodAccessorImpl.invoke0(Native Method)
	at sun.reflect.NativeMethodAccessorImpl.invoke(NativeMethodAccessorImpl.java:57)
	at sun.reflect.DelegatingMethodAccessorImpl.invoke(DelegatingMethodAccessorImpl.java:43)
	at java.lang.reflect.Method.invoke(Method.java:606)
	at org.gradle.messaging.dispatch.ReflectionDispatch.dispatch(ReflectionDispatch.java:35)
	at org.gradle.messaging.dispatch.ReflectionDispatch.dispatch(ReflectionDispatch.java:24)
	at org.gradle.messaging.dispatch.ContextClassLoaderDispatch.dispatch(ContextClassLoaderDispatch.java:32)
	at org.gradle.messaging.dispatch.ProxyDispatchAdapter$DispatchingInvocationHandler.invoke(ProxyDispatchAdapter.java:93)
	at com.sun.proxy.$Proxy2.processTestClass(Unknown Source)
	at org.gradle.api.internal.tasks.testing.worker.TestWorker.processTestClass(TestWorker.java:106)
	at sun.reflect.NativeMethodAccessorImpl.invoke0(Native Method)
	at sun.reflect.NativeMethodAccessorImpl.invoke(NativeMethodAccessorImpl.java:57)
	at sun.reflect.DelegatingMethodAccessorImpl.invoke(DelegatingMethodAccessorImpl.java:43)
	at java.lang.reflect.Method.invoke(Method.java:606)
	at org.gradle.messaging.dispatch.ReflectionDispatch.dispatch(ReflectionDispatch.java:35)
	at org.gradle.messaging.dispatch.ReflectionDispatch.dispatch(ReflectionDispatch.java:24)
	at org.gradle.messaging.remote.internal.hub.MessageHub$Handler.run(MessageHub.java:360)
	at org.gradle.internal.concurrent.DefaultExecutorFactory$StoppableExecutorImpl$1.run(DefaultExecutorFactory.java:64)
	at java.util.concurrent.ThreadPoolExecutor.runWorker(ThreadPoolExecutor.java:1145)
	at java.util.concurrent.ThreadPoolExecutor$Worker.run(ThreadPoolExecutor.java:615)
	at java.lang.Thread.run(Thread.java:745)
Channel.channelInformation size must be between 1 and 64
java.lang.SecurityException: Channel.channelInformation size must be between 1 and 64
	at com.athena.server.pluggable.utils.helper.EntityValidatorHelper.validateEntity(EntityValidatorHelper.java:37)
	at com.sales.app.shared.salesboundedcontext.sales.Channel.isValid(Channel.java:136)
	at com.sales.app.server.service.salesboundedcontext.sales.ChannelTestCase.validateChannel(ChannelTestCase.java:176)
	at com.sales.app.server.service.salesboundedcontext.sales.ChannelTestCase.test5NegativeTesting(ChannelTestCase.java:214)
	at sun.reflect.NativeMethodAccessorImpl.invoke0(Native Method)
	at sun.reflect.NativeMethodAccessorImpl.invoke(NativeMethodAccessorImpl.java:57)
	at sun.reflect.DelegatingMethodAccessorImpl.invoke(DelegatingMethodAccessorImpl.java:43)
	at java.lang.reflect.Method.invoke(Method.java:606)
	at org.junit.runners.model.FrameworkMethod$1.runReflectiveCall(FrameworkMethod.java:47)
	at org.junit.internal.runners.model.ReflectiveCallable.run(ReflectiveCallable.java:12)
	at org.junit.runners.model.FrameworkMethod.invokeExplosively(FrameworkMethod.java:44)
	at org.junit.internal.runners.statements.InvokeMethod.evaluate(InvokeMethod.java:17)
	at org.junit.internal.runners.statements.RunBefores.evaluate(RunBefores.java:26)
	at org.springframework.test.context.junit4.statements.RunBeforeTestMethodCallbacks.evaluate(RunBeforeTestMethodCallbacks.java:74)
	at org.junit.internal.runners.statements.RunAfters.evaluate(RunAfters.java:27)
	at org.springframework.test.context.junit4.statements.RunAfterTestMethodCallbacks.evaluate(RunAfterTestMethodCallbacks.java:83)
	at org.springframework.test.context.junit4.statements.SpringRepeat.evaluate(SpringRepeat.java:72)
	at org.springframework.test.context.junit4.SpringJUnit4ClassRunner.runChild(SpringJUnit4ClassRunner.java:233)
	at org.springframework.test.context.junit4.SpringJUnit4ClassRunner.runChild(SpringJUnit4ClassRunner.java:87)
	at org.junit.runners.ParentRunner$3.run(ParentRunner.java:238)
	at org.junit.runners.ParentRunner$1.schedule(ParentRunner.java:63)
	at org.junit.runners.ParentRunner.runChildren(ParentRunner.java:236)
	at org.junit.runners.ParentRunner.access$000(ParentRunner.java:53)
	at org.junit.runners.ParentRunner$2.evaluate(ParentRunner.java:229)
	at org.junit.internal.runners.statements.RunBefores.evaluate(RunBefores.java:26)
	at org.springframework.test.context.junit4.statements.RunBeforeTestClassCallbacks.evaluate(RunBeforeTestClassCallbacks.java:61)
	at org.springframework.test.context.junit4.statements.RunAfterTestClassCallbacks.evaluate(RunAfterTestClassCallbacks.java:71)
	at org.junit.runners.ParentRunner.run(ParentRunner.java:309)
	at org.springframework.test.context.junit4.SpringJUnit4ClassRunner.run(SpringJUnit4ClassRunner.java:176)
	at org.gradle.api.internal.tasks.testing.junit.JUnitTestClassExecuter.runTestClass(JUnitTestClassExecuter.java:86)
	at org.gradle.api.internal.tasks.testing.junit.JUnitTestClassExecuter.execute(JUnitTestClassExecuter.java:49)
	at org.gradle.api.internal.tasks.testing.junit.JUnitTestClassProcessor.processTestClass(JUnitTestClassProcessor.java:64)
	at org.gradle.api.internal.tasks.testing.SuiteTestClassProcessor.processTestClass(SuiteTestClassProcessor.java:50)
	at sun.reflect.NativeMethodAccessorImpl.invoke0(Native Method)
	at sun.reflect.NativeMethodAccessorImpl.invoke(NativeMethodAccessorImpl.java:57)
	at sun.reflect.DelegatingMethodAccessorImpl.invoke(DelegatingMethodAccessorImpl.java:43)
	at java.lang.reflect.Method.invoke(Method.java:606)
	at org.gradle.messaging.dispatch.ReflectionDispatch.dispatch(ReflectionDispatch.java:35)
	at org.gradle.messaging.dispatch.ReflectionDispatch.dispatch(ReflectionDispatch.java:24)
	at org.gradle.messaging.dispatch.ContextClassLoaderDispatch.dispatch(ContextClassLoaderDispatch.java:32)
	at org.gradle.messaging.dispatch.ProxyDispatchAdapter$DispatchingInvocationHandler.invoke(ProxyDispatchAdapter.java:93)
	at com.sun.proxy.$Proxy2.processTestClass(Unknown Source)
	at org.gradle.api.internal.tasks.testing.worker.TestWorker.processTestClass(TestWorker.java:106)
	at sun.reflect.NativeMethodAccessorImpl.invoke0(Native Method)
	at sun.reflect.NativeMethodAccessorImpl.invoke(NativeMethodAccessorImpl.java:57)
	at sun.reflect.DelegatingMethodAccessorImpl.invoke(DelegatingMethodAccessorImpl.java:43)
	at java.lang.reflect.Method.invoke(Method.java:606)
	at org.gradle.messaging.dispatch.ReflectionDispatch.dispatch(ReflectionDispatch.java:35)
	at org.gradle.messaging.dispatch.ReflectionDispatch.dispatch(ReflectionDispatch.java:24)
	at org.gradle.messaging.remote.internal.hub.MessageHub$Handler.run(MessageHub.java:360)
	at org.gradle.internal.concurrent.DefaultExecutorFactory$StoppableExecutorImpl$1.run(DefaultExecutorFactory.java:64)
	at java.util.concurrent.ThreadPoolExecutor.runWorker(ThreadPoolExecutor.java:1145)
	at java.util.concurrent.ThreadPoolExecutor$Worker.run(ThreadPoolExecutor.java:615)
	at java.lang.Thread.run(Thread.java:745)
]]></system-err>
</testsuite>
